[91mError: [0m[96mnode_modules/@yarnpkg/plugin-compat/lib/index.d.ts[0m:[93m1[0m:[93m44[0m - [91merror[0m[90m TS2307: [0mCannot find module '@yarnpkg/core' or its corresponding type declarations.

[7m1[0m import { Hooks as CoreHooks, Plugin } from '@yarnpkg/core';
[7m [0m [91m                                           ~~~~~~~~~~~~~~~[0m

[91mError: [0m[96mnode_modules/@yarnpkg/plugin-compat/lib/index.d.ts[0m:[93m2[0m:[93m37[0m - [91merror[0m[90m TS2307: [0mCannot find module '@yarnpkg/plugin-patch' or its corresponding type declarations.

[7m2[0m import { Hooks as PatchHooks } from '@yarnpkg/plugin-patch';
[7m [0m [91m                                    ~~~~~~~~~~~~~~~~~~~~~~~[0m

