[91mError: [0m[96mnode_modules/@yarnpkg/plugin-npm/lib/Hooks.d.ts[0m:[93m1[0m:[93m38[0m - [91merror[0m[90m TS2307: [0mCannot find module '@yarnpkg/core' or its corresponding type declarations.

[7m1[0m import { Configuration, Ident } from "@yarnpkg/core";
[7m [0m [91m                                     ~~~~~~~~~~~~~~~[0m

[91mError: [0m[96mnode_modules/@yarnpkg/plugin-npm/lib/index.d.ts[0m:[93m1[0m:[93m35[0m - [91merror[0m[90m TS2307: [0mCannot find module '@yarnpkg/core' or its corresponding type declarations.

[7m1[0m import { Plugin, miscUtils } from '@yarnpkg/core';
[7m [0m [91m                                  ~~~~~~~~~~~~~~~[0m

[91mError: [0m[96mnode_modules/@yarnpkg/plugin-npm/lib/npmConfigUtils.d.ts[0m:[93m1[0m:[93m48[0m - [91merror[0m[90m TS2307: [0mCannot find module '@yarnpkg/core' or its corresponding type declarations.

[7m1[0m import { Configuration, Manifest, Ident } from '@yarnpkg/core';
[7m [0m [91m                                               ~~~~~~~~~~~~~~~[0m

[91mError: [0m[96mnode_modules/@yarnpkg/plugin-npm/lib/npmHttpUtils.d.ts[0m:[93m2[0m:[93m49[0m - [91merror[0m[90m TS2307: [0mCannot find module '@yarnpkg/core' or its corresponding type declarations.

[7m2[0m import { Configuration, Ident, httpUtils } from '@yarnpkg/core';
[7m [0m [91m                                                ~~~~~~~~~~~~~~~[0m

[91mError: [0m[96mnode_modules/@yarnpkg/plugin-npm/lib/npmPublishUtils.d.ts[0m:[93m2[0m:[93m27[0m - [91merror[0m[90m TS2307: [0mCannot find module '@yarnpkg/core' or its corresponding type declarations.

[7m2[0m import { Workspace } from '@yarnpkg/core';
[7m [0m [91m                          ~~~~~~~~~~~~~~~[0m

