[91mError: [0m[96mnode_modules/@yarnpkg/fslib/lib/NodeFS.d.ts[0m:[93m2[0m:[93m8[0m - [91merror[0m[90m TS1192: [0mModule '"fs"' has no default export.

[7m2[0m import fs, { BigIntStats, Stats } from 'fs';
[7m [0m [91m       ~~[0m

[91mError: [0m[96mnode_modules/@yarnpkg/fslib/lib/patchFs.d.ts[0m:[93m2[0m:[93m8[0m - [91merror[0m[90m TS1192: [0mModule '"fs"' has no default export.

[7m2[0m import fs from 'fs';
[7m [0m [91m       ~~[0m

[91mError: [0m[96mnode_modules/@yarnpkg/plugin-essentials/lib/dedupeUtils.d.ts[0m:[93m1[0m:[93m87[0m - [91merror[0m[90m TS2307: [0mCannot find module '@yarnpkg/core' or its corresponding type declarations.

[7m1[0m import { Project, ResolveOptions, Resolver, Descriptor, Package, Report, Cache } from '@yarnpkg/core';
[7m [0m [91m                                                                                      ~~~~~~~~~~~~~~~[0m

[91mError: [0m[96mnode_modules/@yarnpkg/plugin-essentials/lib/dedupeUtils.d.ts[0m:[93m2[0m:[93m39[0m - [91merror[0m[90m TS2307: [0mCannot find module '@yarnpkg/core' or its corresponding type declarations.

[7m2[0m import { Fetcher, FetchOptions } from '@yarnpkg/core';
[7m [0m [91m                                      ~~~~~~~~~~~~~~~[0m

[91mError: [0m[96mnode_modules/@yarnpkg/plugin-essentials/lib/index.d.ts[0m:[93m1[0m:[93m58[0m - [91merror[0m[90m TS2307: [0mCannot find module '@yarnpkg/core' or its corresponding type declarations.

[7m1[0m import { Descriptor, Plugin, Package, formatUtils } from '@yarnpkg/core';
[7m [0m [91m                                                         ~~~~~~~~~~~~~~~[0m

[91mError: [0m[96mnode_modules/@yarnpkg/plugin-essentials/lib/index.d.ts[0m:[93m2[0m:[93m27[0m - [91merror[0m[90m TS2307: [0mCannot find module '@yarnpkg/core' or its corresponding type declarations.

[7m2[0m import { Workspace } from '@yarnpkg/core';
[7m [0m [91m                          ~~~~~~~~~~~~~~~[0m

[91mError: [0m[96mnode_modules/@yarnpkg/plugin-essentials/lib/suggestUtils.d.ts[0m:[93m1[0m:[93m87[0m - [91merror[0m[90m TS2307: [0mCannot find module '@yarnpkg/core' or its corresponding type declarations.

[7m1[0m import { Cache, DescriptorHash, Descriptor, Ident, Locator, Project, Workspace } from '@yarnpkg/core';
[7m [0m [91m                                                                                      ~~~~~~~~~~~~~~~[0m

