[91mError: [0m[96mnode_modules/@yarnpkg/fslib/lib/NodeFS.d.ts[0m:[93m2[0m:[93m8[0m - [91merror[0m[90m TS1192: [0mModule '"fs"' has no default export.

[7m2[0m import fs, { BigIntStats, Stats } from 'fs';
[7m [0m [91m       ~~[0m

[91mError: [0m[96mnode_modules/@yarnpkg/fslib/lib/patchFs.d.ts[0m:[93m2[0m:[93m8[0m - [91merror[0m[90m TS1192: [0mModule '"fs"' has no default export.

[7m2[0m import fs from 'fs';
[7m [0m [91m       ~~[0m

[91mError: [0m[96mnode_modules/@yarnpkg/plugin-pnp/lib/PnpLinker.d.ts[0m:[93m1[0m:[93m41[0m - [91merror[0m[90m TS2307: [0mCannot find module '@yarnpkg/core' or its corresponding type declarations.

[7m1[0m import { Descriptor, LocatorHash } from '@yarnpkg/core';
[7m [0m [91m                                        ~~~~~~~~~~~~~~~[0m

[91mError: [0m[96mnode_modules/@yarnpkg/plugin-pnp/lib/PnpLinker.d.ts[0m:[93m2[0m:[93m47[0m - [91merror[0m[90m TS2307: [0mCannot find module '@yarnpkg/core' or its corresponding type declarations.

[7m2[0m import { FetchResult, Locator, Package } from '@yarnpkg/core';
[7m [0m [91m                                              ~~~~~~~~~~~~~~~[0m

[91mError: [0m[96mnode_modules/@yarnpkg/plugin-pnp/lib/PnpLinker.d.ts[0m:[93m3[0m:[93m68[0m - [91merror[0m[90m TS2307: [0mCannot find module '@yarnpkg/core' or its corresponding type declarations.

[7m3[0m import { Linker, LinkOptions, MinimalLinkOptions, Installer } from '@yarnpkg/core';
[7m [0m [91m                                                                   ~~~~~~~~~~~~~~~[0m

[91mError: [0m[96mnode_modules/@yarnpkg/plugin-pnp/lib/PnpLinker.d.ts[0m:[93m25[0m:[93m32[0m - [91merror[0m[90m TS2307: [0mCannot find module '@yarnpkg/core' or its corresponding type declarations.

[7m25[0m         buildDirective: import("@yarnpkg/core").BuildDirective[] | null;
[7m  [0m [91m                               ~~~~~~~~~~~~~~~[0m

[91mError: [0m[96mnode_modules/@yarnpkg/plugin-pnp/lib/index.d.ts[0m:[93m1[0m:[93m53[0m - [91merror[0m[90m TS2307: [0mCannot find module '@yarnpkg/core' or its corresponding type declarations.

[7m1[0m import { Hooks as CoreHooks, Plugin, Project } from '@yarnpkg/core';
[7m [0m [91m                                                    ~~~~~~~~~~~~~~~[0m

[91mError: [0m[96mnode_modules/@yarnpkg/plugin-pnp/lib/jsInstallUtils.d.ts[0m:[93m1[0m:[93m103[0m - [91merror[0m[90m TS2307: [0mCannot find module '@yarnpkg/core' or its corresponding type declarations.

[7m1[0m import { BuildDirective, Configuration, DependencyMeta, FetchResult, Manifest, Package, Report } from '@yarnpkg/core';
[7m [0m [91m                                                                                                      ~~~~~~~~~~~~~~~[0m

[91mError: [0m[96mnode_modules/@yarnpkg/plugin-pnp/lib/pnpUtils.d.ts[0m:[93m1[0m:[93m40[0m - [91merror[0m[90m TS2307: [0mCannot find module '@yarnpkg/core' or its corresponding type declarations.

[7m1[0m import { Locator, Configuration } from '@yarnpkg/core';
[7m [0m [91m                                       ~~~~~~~~~~~~~~~[0m

[91mError: [0m[96mnode_modules/@yarnpkg/plugin-stage/lib/index.d.ts[0m:[93m1[0m:[93m33[0m - [91merror[0m[90m TS2307: [0mCannot find module '@yarnpkg/core' or its corresponding type declarations.

[7m1[0m import { Plugin, Project } from '@yarnpkg/core';
[7m [0m [91m                                ~~~~~~~~~~~~~~~[0m

